1680
1189
1159
1171
1159
1435
1159
1159
1435
1099
1487
1171
1159
1171
1159
1171
1159
1431
1155
1159
1159
1159
1159
1431
1155
1159
1163
1159
1163
1431
1155
1159
1159
1159
1435
1099
1155
1159
1435
1099
1155
1431
1155
1159
1159
1159
1427
1160
1447
1159
1435
1451
1172
1159
1159
1159
1435
1099
1431
1155
1159
1435
1160
1160
1447
1171
1163
1159
1159
1160
1447
1435
1160
1159
1159
1431
1155
1159
1435
1099
1167
1159
1159
1435
1160
1160
1160
1160
1437
1159
1435
1159
1427
1159
1159
1159
1447
1435
1160
1160
1447
1159
1159
1431
1167
1160
1447
1159
1159
1431
1155
1159
1159
1160
1160
1160
1447
1159
1159
1159
1159
1159
1159
1171
1159
1171
1159
1171
1163
1159
1435
1099
1159
1431
1155
1159
1447
1435
1160
1160
1160
1435
1435
1159
1427
1159
1159
1159
1159
1431
1155
1159
1159
1159
1435
1415
1159
1159
1159
1159
1435
1415
1435
1099
1155
1159
1159
1159
1159
1159
1435
1159
1159
1159
1159
1159
1159
1159
1427
1431
1155
1159
1159
1159
1159
1171
1159
1171
1159
1171
1159
1159
1159
1159
1435
1159
1159
1159
1159
1159
1159
1159
1427
1159
1159
1133
1137
1133
1137
1487
1159
1159
1159
1431
1155
1159
1159
1159
1159
1431
1155
1159
1435
1159
1159
1133
1447
1133
1447
1133
1137
1491
1471
1159
1435
1099
1427
1099
1155
1159
1435
1159
1427
1159
1159
1159
1159
1159
1427
1159
1159
1159
1435
1415
1427
1159
1159
1159
1435
1415
1435
1099
1159
1159
1435
1487
1155
1159
1435
1159
1159
1159
1163
1414
1134
1435
1167
1171
1159
1171
1159
1159
1437
1159
1159
1159
1159
1159
1427
1159
1159
1159
1159
1159
1159
1159
1159
1159
1435
1159
1159
1159
1159
1159
1159
1431
1155
1159
1435
1159
1159
1159
1159
1171
1159
1171
1159
1171
1159
1171
1159
1159
1427
1431
1155
1159
1435
1159
1159
1435
1435
1435
1160
1160
1160
1160
1447
1159
1435
1099
1427
1099
1155
1159
1435
1159
1427
1159
1159
1159
1159
1431
1155
1159
1435
1099
1159
1431
1155
1159
1435
1159
1435
1415
1435
1099
1159
1159
1159
1215
1159
1171
1159
1171
1159
1171
1159
1160
1413
1159
1159
1159
1159
1159
1159
1435
1159
1159
1159
1159
1159
1219
1455
1181
1192
1435
1435
1156
1164
1159
1434
1158
1158
1430
1154
1158
1146
1106
1158
1430
1154
1158
1146
1158
1154
1430
1154
1159
1146
1158
1430
1138
1114
1158
1146
1106
1434
1098
1154
1158
1146
1158
1430
1099
1155
1158
1146
1158
1430
1099
1167
1158
1154
1430
1154
1158
1146
1158
1146
1158
1159
1159
1146
1158
1146
1158
1146
1106
1158
1158
1154
1430
1154
1158
1146
1158
1154
1430
1155
1159
1146
1158
1159
1158
1154
1158
1154
1158
1414
1159
1159
1159
1159
1158
1430
1099
1155
1159
1159
1133
1137
1118
1129
1158
1128
1133
1110
1098
1155
1159