138824
248201
77848
77748
77656
77492
505037
77608
403473
77568
248305
248289
77876
77732
77628
77708
77780
77820
77564
77732
77464
505073
504789
504993
77644
403589
403585
403425
77496
77904
77784
248233
248293
248253
77556
77876
77632
77696
77524
77592
77836
77528
77648
504977
504905
504997
77652
403405
403737
403613
77552
77672
248385
248321
248177
77744
77532
77688
77716
77804
77596
77840
77636
77656
505041
504925
505009
77672
403445
403577
403425
77676
77760
77520
248165
248089
248301
77608
77620
77772
77472
77772
77552
77720
77736
77548
504893
504921
504761
77604
403609
403685
403473
77648
77732
247945
248153
248133
77408
77740
77748
77824
77652
77776
77544
77896
77368
77768
77884
248193
248121
248113
248009
248221
248053
248169
248213
248149
248461
77672
77692
77732
77736
77672
77592
77880
77572
77612
403465
403485
403401
403441
403477
403653
403393
403485
403489
403649
77824
77516
77596
77572
504973
505057
504993
505069
504781
504993
504841
505045
505133
505069
505153
77752
77680
77588
77676
77772
77548
77588
77484
77824
77628
77712
77732
77604
77520
77676
77584
77604
77648
77808
77500
77788
77808
77676
77764
77544
77664
77580
77960
77460
77760
77780
77800
248365
248201
248217
248013
248269
248121
248093
247989
248209
248157
77584
77528
77900
77444
77776
77848
77624
77768
77660
403473
403537
403237
403525
403545
403593
403689
403721
403557
403629
77804
77824
77680
77756
504877
504961
505153
504833
504929
505045
505073
504785
505081
504929
504961
77732
77584
77696
77388
77676
77368
77656
77792
77556
77628
77636
77740
77528
77856
77680
77596
77660
77712
77636
77688
77596
77552
77840
77952
77780
77576
77688
77736
77676
77644
77720
77740
248221
248177
248241
248201
248405
248385
248457
248073
247953
248053
77684
77600
77748
77556
77844
77896
77724
77788
77900
403613
403529
403697
403533
403449
403509
403425
403489
403605
403589
77684
77768
77464
77748
77548
504713
505245
504945
504837
504945
505025
504737
505045
504817
504949
77744
77728
77660
77652
77492
77536
77556
77472
77760
77780
77696
77776
77520
77592
77520
77604
77520
77808
77512
77600
77528
77608
77524
77596
77512
77740
77664
77648
77800
77668
77584
77756
248257
248341
247961
248197
248045
247985
248205
248257
248237
248221
77772
77688
77728
77728
77602
77632
77672
77764
77680
403957
403521
403613
403569
403641
403345
403409
403345
403565
403289
77732
77740
77856
77636
77740
505065
505141
504853
505105
504725
505033
504969
504845
504953
505001
77920
77716
77508
77524
77644
77664
77776
77732
77548
77688
77616
77628
77768
77464
77752
77548
77788
77848
77668
77368
77644
77560
77632
77584
77944
77616
77636
77632
77804
77496
77876
77784
248265
248249
248317
248237
248213
248021
248001
248205
248185
248393
77432
77432
77828
77624
77644
77572
77856
77656
77820
403481
403609
403545
403385
403321
403381
403405
403509
403485
403641
77856
77648
77760
77768
77776
504957
504941
504877
504765
504965
504825
505005
504985
504965
504829
77808
77828
77720
77740
77532
77672
77512
77524
77892
77792
77876
77568
77628
77640
77772
77512
77500
77864
77768
77688
77728
77728
77832
77628
77636
77772
77688
77852
77680
77716
77736
77688
248305
248389
248089
248357
247977
248205
248141
248125
248181
248229
77948