2117
1939
1515
1617
1343
1637
1343
1329
1343
1329
1343
1329
1329
1592
3855
1912
1343
1685
1641
1627
1343
1329
1343
1329
1641
1317
1907
2990
1651
1326
1343
1329
1343
1329
1911
1329
1343
1329
1911
1329
1643
3382
1641
1627
3023
1326
1343
1329
1343
1304
1343
2990
1614
1919
1641
1627
1641
1329
1343
1592
1343
1604
1343
1326
1343
1329
1907
2990
1343
1329
1343
1626
1921
1917
1343
1315
1343
1326
1641
3059
1343
1631
1907
1328
1903
1872
1343
1315
2225
1329
1343
1639
1329
3082
1614
1919
3059
1329
1931
1329
1343
1626
1651
1329
2021
1329
1663
1318
1651
1872
1343
1604
1343
1317
1911
1329
1343
1944
1932
1341
1343
1315
1343
3074
1343
1329
1343
1329
1329
3286
1651
1326
3023
3074
1641
3060
1343
1329
1343
2178
1343
1314
1643
1626
3083
1601
1621
1329
1936
1328
1935
3588
1343
1628
1343
1327
1931
1329
1343
1626
1925
1329
3023
1326
1343
1305
1343
2675
1343
1317
1932
1317
1932
1924
1343
1604
1924
1628
1343
1327
1931
1329
1641
1329
1343
1631
1921
1940
1621
1329
1343
1604
1343
3288
1614
3286
1651
1326
3023
1329
1651
1305
1329
1628
1349
3286
1663
1592
1911
1329
1931
1329
1614
1921
1641
1627
1343
3059
3813
1315
1343
3239
1355
1317
3023
1630
2999
1305
1343
1329
1343
1626
1343
1315
1343
1637
1343
1592
1343
1604
1329
1326
1343
1329
1343
3372
1911
1329
1929
1329
1931
1329
1645
2985
1633
1329
1343
1317
1355
1317
1641
1627
1343
1329
1343
1329
1343
1626
1932
1341
1341
1317
1621
1329
1931
1314
1343
1592
1343
1604
1343
1329
3051
1604
1343
1305
1911
1329
1343
1668
1614
1329
1343
1317
1641
1329
1343
1343
1343
1626
1932
1329
1645
1314
1343
1329
1614
2990
1343
1604
1641
1639
1965
1329
1343
1329
1667
1630
2999
1314
2096
1306
1911
1329
3023
1637
1343
1919
3059
1329
1931
1329
1641
1673
1614
1340
3009
3026
1932
1924
1621
1329
1343
1604
1641
1627
1343
1637
1913
3074
1641
1939
1343
3286
1343
1329
1343
1329
1913
1328
1932
1940
1343
1315
3039
3071
1343
1641
1645
1329
1921
2366
3053
1329
1343
1329
1931
1329
1343
1329
1911
1329
3023
1626
1343
1601
1343
1327
1931
1916
1907
1328
1913
1318
1932
2262
1932
3286
1343
1626
1329
1329
1343
1329
1921
1317
3023
3074
1343
1329
1931
1329
1641
1373
1343
3239
1343
1939
1921
3074
1633
1632
1340
1329
1343
1329
3023
1328
3023
1329
1343
1935
1620
1877
1343
1604
1641
3286
1343
1604
1343
1599
1641
1627
1343
1604
1343
1641
1932
1921
1913
1326
1343
1326
1343
1604
1343
1329
1643
2990
1343
1329
1343
1604
1343
1602
1343
1315
1343
1329
1343
1329
1343
1327
1343
1329
1913
1328
1327
1592
1343
1329
1343
1329
1343
3372
1343
1327
1651
1627
1343
3286
1329
1328
1343
1627
1641
1317
1907
1329