=~=~=~=~=~=~=~=~=~=~=~= PuTTY log 2018.03.30 23:40:03 =~=~=~=~=~=~=~=~=~=~=~=
' 
Enter 1, 2, 3 to output data from respective tests
1
1680
1189
1159
1171
1159
1435
1159
1159
1435
1099
1487
1171
1159
1171
1159
1171
1159
1431
1155
1159
1159
1159
1159
1431
1155
1159
1163
1159
1163
1431
1155
1159
1159
1159
1435
1099
1155
1159
1435
1099
1155
1431
1155
1159
1159
1159
1427
1160
1447
1159
1435
1451
1172
1159
1159
1159
1435
1099
1431
1155
1159
1435
1160
1160
1447
1171
1163
1159
1159
1160
1447
1435
1160
1159
1159
1431
1155
1159
1435
1099
1167
1159
1159
1435
1160
1160
1160
1160
1437
1159
1435
1159
1427
1159
1159
1159
1447
1435
1160
1160
1447
1159
1159
1431
1167
1160
1447
1159
1159
1431
1155
1159
1159
1160
1160
1160
1447
1159
1159
1159
1159
1159
1159
1171
1159
1171
1159
1171
1163
1159
1435
1099
1159
1431
1155
1159
1447
1435
1160
1160
1160
1435
1435
1159
1427
1159
1159
1159
1159
1431
1155
1159
1159
1159
1435
1415
1159
1159
1159
1159
1435
1415
1435
1099
1155
1159
1159
1159
1159
1159
1435
1159
1159
1159
1159
1159
1159
1159
1427
1431
1155
1159
1159
1159
1159
1171
1159
1171
1159
1171
1159
1159
1159
1159
1435
1159
1159
1159
1159
1159
1159
1159
1427
1159
1159
1133
1137
1133
1137
1487
1159
1159
1159
1431
1155
1159
1159
1159
1159
1431
1155
1159
1435
1159
1159
1133
1447
1133
1447
1133
1137
1491
1471
1159
1435
1099
1427
1099
1155
1159
1435
1159
1427
1159
1159
1159
1159
1159
1427
1159
1159
1159
1435
1415
1427
1159
1159
1159
1435
1415
1435
1099
1159
1159
1435
1487
1155
1159
1435
1159
1159
1159
1163
1414
1134
1435
1167
1171
1159
1171
1159
1159
1437
1159
1159
1159
1159
1159
1427
1159
1159
1159
1159
1159
1159
1159
1159
1159
1435
1159
1159
1159
1159
1159
1159
1431
1155
1159
1435
1159
1159
1159
1159
1171
1159
1171
1159
1171
1159
1171
1159
1159
1427
1431
1155
1159
1435
1159
1159
1435
1435
1435
1160
1160
1160
1160
1447
1159
1435
1099
1427
1099
1155
1159
1435
1159
1427
1159
1159
1159
1159
1431
1155
1159
1435
1099
1159
1431
1155
1159
1435
1159
1435
1415
1435
1099
1159
1159
1159
1215
1159
1171
1159
1171
1159
1171
1159
1160
1413
1159
1159
1159
1159
1159
1159
1435
1159
1159
1159
1159
1159
1219
1455
1181
1192
1435
1435
1156
1164
1159
1434
1158
1158
1430
1154
1158
1146
1106
1158
1430
1154
1158
1146
1158
1154
1430
1154
1159
1146
1158
1430
1138
1114
1158
1146
1106
1434
1098
1154
1158
1146
1158
1430
1099
1155
1158
1146
1158
1430
1099
1167
1158
1154
1430
1154
1158
1146
1158
1146
1158
1159
1159
1146
1158
1146
1158
1146
1106
1158
1158
1154
1430
1154
1158
1146
1158
1154
1430
1155
1159
1146
1158
1159
1158
1154
1158
1154
1158
1414
1159
1159
1159
1159
1158
1430
1099
1155
1159
1159
1133
1137
1118
1129
1158
1128
1133
1110
1098
1155
1159
Enter 1, 2, 3 to output data from respective tests
2
138824
248201
77848
77748
77656
77492
505037
77608
403473
77568
248305
248289
77876
77732
77628
77708
77780
77820
77564
77732
77464
505073
504789
504993
77644
403589
403585
403425
77496
77904
77784
248233
248293
248253
77556
77876
77632
77696
77524
77592
77836
77528
77648
504977
504905
504997
77652
403405
403737
403613
77552
77672
248385
248321
248177
77744
77532
77688
77716
77804
77596
77840
77636
77656
505041
504925
505009
77672
403445
403577
403425
77676
77760
77520
248165
248089
248301
77608
77620
77772
77472
77772
77552
77720
77736
77548
504893
504921
504761
77604
403609
403685
403473
77648
77732
247945
248153
248133
77408
77740
77748
77824
77652
77776
77544
77896
77368
77768
77884
248193
248121
248113
248009
248221
248053
248169
248213
248149
248461
77672
77692
77732
77736
77672
77592
77880
77572
77612
403465
403485
403401
403441
403477
403653
403393
403485
403489
403649
77824
77516
77596
77572
504973
505057
504993
505069
504781
504993
504841
505045
505133
505069
505153
77752
77680
77588
77676
77772
77548
77588
77484
77824
77628
77712
77732
77604
77520
77676
77584
77604
77648
77808
77500
77788
77808
77676
77764
77544
77664
77580
77960
77460
77760
77780
77800
248365
248201
248217
248013
248269
248121
248093
247989
248209
248157
77584
77528
77900
77444
77776
77848
77624
77768
77660
403473
403537
403237
403525
403545
403593
403689
403721
403557
403629
77804
77824
77680
77756
504877
504961
505153
504833
504929
505045
505073
504785
505081
504929
504961
77732
77584
77696
77388
77676
77368
77656
77792
77556
77628
77636
77740
77528
77856
77680
77596
77660
77712
77636
77688
77596
77552
77840
77952
77780
77576
77688
77736
77676
77644
77720
77740
248221
248177
248241
248201
248405
248385
248457
248073
247953
248053
77684
77600
77748
77556
77844
77896
77724
77788
77900
403613
403529
403697
403533
403449
403509
403425
403489
403605
403589
77684
77768
77464
77748
77548
504713
505245
504945
504837
504945
505025
504737
505045
504817
504949
77744
77728
77660
77652
77492
77536
77556
77472
77760
77780
77696
77776
77520
77592
77520
77604
77520
77808
77512
77600
77528
77608
77524
77596
77512
77740
77664
77648
77800
77668
77584
77756
248257
248341
247961
248197
248045
247985
248205
248257
248237
248221
77772
77688
77728
77728
77602
77632
77672
77764
77680
403957
403521
403613
403569
403641
403345
403409
403345
403565
403289
77732
77740
77856
77636
77740
505065
505141
504853
505105
504725
505033
504969
504845
504953
505001
77920
77716
77508
77524
77644
77664
77776
77732
77548
77688
77616
77628
77768
77464
77752
77548
77788
77848
77668
77368
77644
77560
77632
77584
77944
77616
77636
77632
77804
77496
77876
77784
248265
248249
248317
248237
248213
248021
248001
248205
248185
248393
77432
77432
77828
77624
77644
77572
77856
77656
77820
403481
403609
403545
403385
403321
403381
403405
403509
403485
403641
77856
77648
77760
77768
77776
504957
504941
504877
504765
504965
504825
505005
504985
504965
504829
77808
77828
77720
77740
77532
77672
77512
77524
77892
77792
77876
77568
77628
77640
77772
77512
77500
77864
77768
77688
77728
77728
77832
77628
77636
77772
77688
77852
77680
77716
77736
77688
248305
248389
248089
248357
247977
248205
248141
248125
248181
248229
77948
Enter 1, 2, 3 to output data from respective tests
3
2117
1939
1515
1617
1343
1637
1343
1329
1343
1329
1343
1329
1329
1592
3855
1912
1343
1685
1641
1627
1343
1329
1343
1329
1641
1317
1907
2990
1651
1326
1343
1329
1343
1329
1911
1329
1343
1329
1911
1329
1643
3382
1641
1627
3023
1326
1343
1329
1343
1304
1343
2990
1614
1919
1641
1627
1641
1329
1343
1592
1343
1604
1343
1326
1343
1329
1907
2990
1343
1329
1343
1626
1921
1917
1343
1315
1343
1326
1641
3059
1343
1631
1907
1328
1903
1872
1343
1315
2225
1329
1343
1639
1329
3082
1614
1919
3059
1329
1931
1329
1343
1626
1651
1329
2021
1329
1663
1318
1651
1872
1343
1604
1343
1317
1911
1329
1343
1944
1932
1341
1343
1315
1343
3074
1343
1329
1343
1329
1329
3286
1651
1326
3023
3074
1641
3060
1343
1329
1343
2178
1343
1314
1643
1626
3083
1601
1621
1329
1936
1328
1935
3588
1343
1628
1343
1327
1931
1329
1343
1626
1925
1329
3023
1326
1343
1305
1343
2675
1343
1317
1932
1317
1932
1924
1343
1604
1924
1628
1343
1327
1931
1329
1641
1329
1343
1631
1921
1940
1621
1329
1343
1604
1343
3288
1614
3286
1651
1326
3023
1329
1651
1305
1329
1628
1349
3286
1663
1592
1911
1329
1931
1329
1614
1921
1641
1627
1343
3059
3813
1315
1343
3239
1355
1317
3023
1630
2999
1305
1343
1329
1343
1626
1343
1315
1343
1637
1343
1592
1343
1604
1329
1326
1343
1329
1343
3372
1911
1329
1929
1329
1931
1329
1645
2985
1633
1329
1343
1317
1355
1317
1641
1627
1343
1329
1343
1329
1343
1626
1932
1341
1341
1317
1621
1329
1931
1314
1343
1592
1343
1604
1343
1329
3051
1604
1343
1305
1911
1329
1343
1668
1614
1329
1343
1317
1641
1329
1343
1343
1343
1626
1932
1329
1645
1314
1343
1329
1614
2990
1343
1604
1641
1639
1965
1329
1343
1329
1667
1630
2999
1314
2096
1306
1911
1329
3023
1637
1343
1919
3059
1329
1931
1329
1641
1673
1614
1340
3009
3026
1932
1924
1621
1329
1343
1604
1641
1627
1343
1637
1913
3074
1641
1939
1343
3286
1343
1329
1343
1329
1913
1328
1932
1940
1343
1315
3039
3071
1343
1641
1645
1329
1921
2366
3053
1329
1343
1329
1931
1329
1343
1329
1911
1329
3023
1626
1343
1601
1343
1327
1931
1916
1907
1328
1913
1318
1932
2262
1932
3286
1343
1626
1329
1329
1343
1329
1921
1317
3023
3074
1343
1329
1931
1329
1641
1373
1343
3239
1343
1939
1921
3074
1633
1632
1340
1329
1343
1329
3023
1328
3023
1329
1343
1935
1620
1877
1343
1604
1641
3286
1343
1604
1343
1599
1641
1627
1343
1604
1343
1641
1932
1921
1913
1326
1343
1326
1343
1604
1343
1329
1643
2990
1343
1329
1343
1604
1343
1602
1343
1315
1343
1329
1343
1329
1343
1327
1343
1329
1913
1328
1327
1592
1343
1329
1343
1329
1343
3372
1343
1327
1651
1627
1343
3286
1329
1328
1343
1627
1641
1317
1907
1329
Enter 1, 2, 3 to output data from respective tests
